<?xml version="1.0" encoding="UTF-8"?>
<testng-results ignored="0" total="0" passed="0" failed="0" skipped="0">
  <reporter-output>
  </reporter-output>
  <suite started-at="2021-10-09T11:26:57 CEST" name="hellocucumber.RunCucumberTest" finished-at="2021-10-09T11:26:57 CEST" duration-ms="9">
    <groups>
    </groups>
    <test started-at="2021-10-09T11:26:57 CEST" name="Command line test" finished-at="2021-10-09T11:26:57 CEST" duration-ms="9">
    </test> <!-- Command line test -->
  </suite> <!-- hellocucumber.RunCucumberTest -->
</testng-results>
