<?xml version="1.0" encoding="UTF-8"?>
<testsuite xmlns:xsi="http://www.w3.org/2001/XMLSchema-instance" xsi:schemaLocation="https://maven.apache.org/surefire/maven-surefire-plugin/xsd/surefire-test-report.xsd" name="hellocucumber.RunCucumberTest" time="275.869" tests="18" errors="6" skipped="0" failures="4">
  <properties>
[...]
</properties>
  <testcase name="Check W3 bad page has no broken links #1" classname="All links ok?" time="12.508">
    <failure message="Status code returned: 404" type="java.lang.AssertionError">java.lang.AssertionError: Status code returned: 404
</failure>
    <system-out><![CDATA[
Scenario: Check W3 bad page has no broken links &amp#27;[90m# hellocucumber/all_links_ok.feature:4&amp#27;[0m
  &amp#27;[32mGiven &amp#27;[0m&amp#27;[32mI opened Chrome&amp#27;[0m                         &amp#27;[90m# hellocucumber.StepDefinitions.use_Chrome()&amp#27;[0m
  &amp#27;[32mWhen &amp#27;[0m&amp#27;[32mI am on the W3 bad page&amp#27;[0m                  &amp#27;[90m# hellocucumber.StepDefinitions.I_visit_bad()&amp#27;[0m
  &amp#27;[31mThen &amp#27;[0m&amp#27;[31mPage has no broken links&amp#27;[0m                 &amp#27;[90m# hellocucumber.StepDefinitions.checkNoBrokenLinks()&amp#27;[0m
      &amp#27;[31mjava.lang.AssertionError: Status code returned: 404
	at org.junit.Assert.fail(Assert.java:89)
	at hellocucumber.StepDefinitions.checkNoBrokenLinks(StepDefinitions.java:117)
	at ✽.Page has no broken links(classpath:hellocucumber/all_links_ok.feature:7)
&amp#27;[0m
]]></system-out>
    <system-err><![CDATA[SLF4J: Failed to load class "org.slf4j.impl.StaticLoggerBinder".
SLF4J: Defaulting to no-operation (NOP) logger implementation
SLF4J: See http://www.slf4j.org/codes.html#StaticLoggerBinder for further details.
Starting ChromeDriver 94.0.4606.61 (418b78f5838ed0b1c69bb4e51ea0252171854915-refs/branch-heads/4606@{#1204}) on port 30845
Only local connections are allowed.
Please see https://chromedriver.chromium.org/security-considerations for suggestions on keeping ChromeDriver safe.
ChromeDriver was started successfully.
Oct 11, 2021 7:49:50 PM org.openqa.selenium.remote.ProtocolHandshake createSession
INFO: Detected dialect: W3C
Oct 11, 2021 7:49:50 PM org.openqa.selenium.devtools.CdpVersionFinder findNearestMatch
INFO: Found exact CDP implementation for version 94
]]></system-err>
  </testcase>
  <testcase name="Check W3 multimodal page has no broken links #1" classname="All links ok?" time="28.848"/>
  <testcase name="Check W3 htmlcss page has no broken links #1" classname="All links ok?" time="85.07"/>
  <testcase name="Check W3 bad page has no broken links #2" classname="All links ok?" time="11.114">
    <failure message="Status code returned: 404" type="java.lang.AssertionError">java.lang.AssertionError: Status code returned: 404
</failure>
    <system-out><![CDATA[
Scenario: Check W3 bad page has no broken links &amp#27;[90m# hellocucumber/all_links_ok.feature:19&amp#27;[0m
  &amp#27;[32mGiven &amp#27;[0m&amp#27;[32mI opened Firefox&amp#27;[0m                        &amp#27;[90m# hellocucumber.StepDefinitions.use_Firefox()&amp#27;[0m
  &amp#27;[32mWhen &amp#27;[0m&amp#27;[32mI am on the W3 bad page&amp#27;[0m                  &amp#27;[90m# hellocucumber.StepDefinitions.I_visit_bad()&amp#27;[0m
  &amp#27;[31mThen &amp#27;[0m&amp#27;[31mPage has no broken links&amp#27;[0m                 &amp#27;[90m# hellocucumber.StepDefinitions.checkNoBrokenLinks()&amp#27;[0m
      &amp#27;[31mjava.lang.AssertionError: Status code returned: 404
	at org.junit.Assert.fail(Assert.java:89)
	at hellocucumber.StepDefinitions.checkNoBrokenLinks(StepDefinitions.java:117)
	at ✽.Page has no broken links(classpath:hellocucumber/all_links_ok.feature:22)
&amp#27;[0m
]]></system-out>
    <system-err><![CDATA[1633974713732	geckodriver	INFO	Listening on 127.0.0.1:13309
1633974714751	mozrunner::runner	INFO	Running command: "/Applications/Firefox.app/Contents/MacOS/firefox-bin" "--marionette" "-headless" "--headless" "--remote-debugging-port" "9379" "-foreground" "-no-remote" "-profile" "/var/folders/56/ypk50hpn4cl79xs55xmj0zmw0000gn/T/rust_mozprofileVNPYtp"
*** You are running in headless mode.
1633974715339	Marionette	INFO	Marionette enabled
[GFX1-]: RenderCompositorSWGL failed mapping default framebuffer, no dt
console.warn: SearchSettings: "get: No settings file exists, new profile?" (new NotFoundError("Could not open the file at /var/folders/56/ypk50hpn4cl79xs55xmj0zmw0000gn/T/rust_mozprofileVNPYtp/search.json.mozlz4", (void 0)))
console.error: BackgroundUpdate: 
  _reasonsToNotScheduleUpdates: Failed to check for Maintenance Service Registry Key: [Exception... "Component returned failure code: 0x80004001 (NS_ERROR_NOT_IMPLEMENTED) [nsIUpdateProcessor.getServiceRegKeyExists]"  nsresult: "0x80004001 (NS_ERROR_NOT_IMPLEMENTED)"  location: "JS frame :: resource://gre/modules/BackgroundUpdate.jsm :: _reasonsToNotScheduleUpdates :: line 243"  data: no]
DevTools listening on ws://localhost:9379/devtools/browser/3f53306b-4ec9-ff48-b94f-fc72690e3261
1633974716941	Marionette	INFO	Listening on port 57811
1633974717020	RemoteAgent	WARN	TLS certificate errors will be ignored for this session
Oct 11, 2021 7:51:57 PM org.openqa.selenium.remote.ProtocolHandshake createSession
INFO: Detected dialect: W3C
1633974724219	Marionette	INFO	Stopped listening on port 57811
JavaScript error: resource:///modules/Interactions.jsm, line 201: NS_ERROR_FAILURE: Component returned failure code: 0x80004005 (NS_ERROR_FAILURE) [nsIUserIdleService.removeIdleObserver]

###!!! [Parent][RunMessage] Error: Channel closing: too late to send/recv, messages will be lost

]]></system-err>
  </testcase>
  <testcase name="Check W3 multimodal page has no broken links #2" classname="All links ok?" time="26.968"/>
  <testcase name="Check W3 htmlcss page has no broken links #2" classname="All links ok?" time="46.31"/>
  <testcase name="Check W3 bad page loading raises no errors in console #1" classname="No console errors?" time="4.909">
    <failure message="Message in console:https://www.w3.org/standards/badpage - Failed to load resource: the server responded with a status of 404 ()" type="java.lang.AssertionError">java.lang.AssertionError: Message in console:https://www.w3.org/standards/badpage - Failed to load resource: the server responded with a status of 404 ()
</failure>
    <system-out><![CDATA[
Scenario: Check W3 bad page loading raises no errors in console &amp#27;[90m# hellocucumber/no_console_errors.feature:4&amp#27;[0m
  &amp#27;[32mGiven &amp#27;[0m&amp#27;[32mI opened Chrome&amp#27;[0m                                         &amp#27;[90m# hellocucumber.StepDefinitions.use_Chrome()&amp#27;[0m
  &amp#27;[32mWhen &amp#27;[0m&amp#27;[32mI am on the W3 bad page&amp#27;[0m                                  &amp#27;[90m# hellocucumber.StepDefinitions.I_visit_bad()&amp#27;[0m
  &amp#27;[31mThen &amp#27;[0m&amp#27;[31mThe console log has no errors&amp#27;[0m                            &amp#27;[90m# hellocucumber.StepDefinitions.checkNoErrorsInConsole()&amp#27;[0m
      &amp#27;[31mjava.lang.AssertionError: Message in console:https://www.w3.org/standards/badpage - Failed to load resource: the server responded with a status of 404 ()
	at org.junit.Assert.fail(Assert.java:89)
	at hellocucumber.StepDefinitions.lambda$0(StepDefinitions.java:83)
	at java.base/java.lang.Iterable.forEach(Iterable.java:75)
	at hellocucumber.StepDefinitions.checkNoErrorsInConsole(StepDefinitions.java:81)
	at ✽.The console log has no errors(classpath:hellocucumber/no_console_errors.feature:7)
&amp#27;[0m
]]></system-out>
    <system-err><![CDATA[Starting ChromeDriver 94.0.4606.61 (418b78f5838ed0b1c69bb4e51ea0252171854915-refs/branch-heads/4606@{#1204}) on port 18750
Only local connections are allowed.
Please see https://chromedriver.chromium.org/security-considerations for suggestions on keeping ChromeDriver safe.
ChromeDriver was started successfully.
Oct 11, 2021 7:53:19 PM org.openqa.selenium.remote.ProtocolHandshake createSession
INFO: Detected dialect: W3C
Oct 11, 2021 7:53:19 PM org.openqa.selenium.devtools.CdpVersionFinder findNearestMatch
INFO: Found exact CDP implementation for version 94
]]></system-err>
  </testcase>
  <testcase name="Check W3 multimodal page loading raises no errors in console #1" classname="No console errors?" time="4.826"/>
  <testcase name="Check W3 htmlcss page loading raises no errors in console #1" classname="No console errors?" time="5.241"/>
  <testcase name="Check W3 bad page loading raises no errors in console #2" classname="No console errors?" time="5.442">
    <error message="HTTP method not allowed&#10;Command duration or timeout: 4 milliseconds&#10;Build info: version: &apos;4.0.0-rc-2&apos;, revision: &apos;8d1e4aa5ae&apos;&#10;System info: host: &apos;Micheles-MBP&apos;, ip: &apos;fe80:0:0:0:c87:52f3:b1a6:2160%en0&apos;, os.name: &apos;Mac OS X&apos;, os.arch: &apos;x86_64&apos;, os.version: &apos;10.16&apos;, java.version: &apos;11.0.7&apos;&#10;Driver info: org.openqa.selenium.firefox.FirefoxDriver&#10;Command: [d2464401-00c8-2041-972b-234e4b6d8b3f, getLog {type=browser}]&#10;Capabilities {acceptInsecureCerts: true, browserName: firefox, browserVersion: 93.0, javascriptEnabled: true, moz:accessibilityChecks: false, moz:buildID: 20210927210923, moz:debuggerAddress: localhost:3596, moz:geckodriverVersion: 0.30.0, moz:headless: true, moz:processID: 7685, moz:profile: /var/folders/56/ypk50hpn4cl..., moz:shutdownTimeout: 60000, moz:useNonSpecCompliantPointerOrigin: false, moz:webdriverClick: true, pageLoadStrategy: normal, platform: MAC, platformName: MAC, platformVersion: 20.6.0, proxy: Proxy(), se:cdp: ws://localhost:3596/devtool..., se:cdpVersion: 85, setWindowRect: true, strictFileInteractability: false, timeouts: {implicit: 0, pageLoad: 300000, script: 30000}, unhandledPromptBehavior: dismiss and notify}&#10;Session ID: d2464401-00c8-2041-972b-234e4b6d8b3f" type="org.openqa.selenium.UnsupportedCommandException">org.openqa.selenium.UnsupportedCommandException: 
HTTP method not allowed
Command duration or timeout: 4 milliseconds
Build info: version: '4.0.0-rc-2', revision: '8d1e4aa5ae'
System info: host: 'Micheles-MBP', ip: 'fe80:0:0:0:c87:52f3:b1a6:2160%en0', os.name: 'Mac OS X', os.arch: 'x86_64', os.version: '10.16', java.version: '11.0.7'
Driver info: org.openqa.selenium.firefox.FirefoxDriver
Command: [d2464401-00c8-2041-972b-234e4b6d8b3f, getLog {type=browser}]
Capabilities {acceptInsecureCerts: true, browserName: firefox, browserVersion: 93.0, javascriptEnabled: true, moz:accessibilityChecks: false, moz:buildID: 20210927210923, moz:debuggerAddress: localhost:3596, moz:geckodriverVersion: 0.30.0, moz:headless: true, moz:processID: 7685, moz:profile: /var/folders/56/ypk50hpn4cl..., moz:shutdownTimeout: 60000, moz:useNonSpecCompliantPointerOrigin: false, moz:webdriverClick: true, pageLoadStrategy: normal, platform: MAC, platformName: MAC, platformVersion: 20.6.0, proxy: Proxy(), se:cdp: ws://localhost:3596/devtool..., se:cdpVersion: 85, setWindowRect: true, strictFileInteractability: false, timeouts: {implicit: 0, pageLoad: 300000, script: 30000}, unhandledPromptBehavior: dismiss and notify}
Session ID: d2464401-00c8-2041-972b-234e4b6d8b3f
</error>
    <system-out><![CDATA[
Scenario: Check W3 bad page loading raises no errors in console &amp#27;[90m# hellocucumber/no_console_errors.feature:19&amp#27;[0m
  &amp#27;[32mGiven &amp#27;[0m&amp#27;[32mI opened Firefox&amp#27;[0m                                        &amp#27;[90m# hellocucumber.StepDefinitions.use_Firefox()&amp#27;[0m
  &amp#27;[32mWhen &amp#27;[0m&amp#27;[32mI am on the W3 bad page&amp#27;[0m                                  &amp#27;[90m# hellocucumber.StepDefinitions.I_visit_bad()&amp#27;[0m
  &amp#27;[31mThen &amp#27;[0m&amp#27;[31mThe console log has no errors&amp#27;[0m                            &amp#27;[90m# hellocucumber.StepDefinitions.checkNoErrorsInConsole()&amp#27;[0m
      &amp#27;[31morg.openqa.selenium.UnsupportedCommandException: HTTP method not allowed
Command duration or timeout: 4 milliseconds
Build info: version: '4.0.0-rc-2', revision: '8d1e4aa5ae'
System info: host: 'Micheles-MBP', ip: 'fe80:0:0:0:c87:52f3:b1a6:2160%en0', os.name: 'Mac OS X', os.arch: 'x86_64', os.version: '10.16', java.version: '11.0.7'
Driver info: org.openqa.selenium.firefox.FirefoxDriver
Command: [d2464401-00c8-2041-972b-234e4b6d8b3f, getLog {type=browser}]
Capabilities {acceptInsecureCerts: true, browserName: firefox, browserVersion: 93.0, javascriptEnabled: true, moz:accessibilityChecks: false, moz:buildID: 20210927210923, moz:debuggerAddress: localhost:3596, moz:geckodriverVersion: 0.30.0, moz:headless: true, moz:processID: 7685, moz:profile: /var/folders/56/ypk50hpn4cl..., moz:shutdownTimeout: 60000, moz:useNonSpecCompliantPointerOrigin: false, moz:webdriverClick: true, pageLoadStrategy: normal, platform: MAC, platformName: MAC, platformVersion: 20.6.0, proxy: Proxy(), se:cdp: ws://localhost:3596/devtool..., se:cdpVersion: 85, setWindowRect: true, strictFileInteractability: false, timeouts: {implicit: 0, pageLoad: 300000, script: 30000}, unhandledPromptBehavior: dismiss and notify}
Session ID: d2464401-00c8-2041-972b-234e4b6d8b3f
	at java.base/jdk.internal.reflect.NativeConstructorAccessorImpl.newInstance0(Native Method)
	at java.base/jdk.internal.reflect.NativeConstructorAccessorImpl.newInstance(NativeConstructorAccessorImpl.java:62)
	at java.base/jdk.internal.reflect.DelegatingConstructorAccessorImpl.newInstance(DelegatingConstructorAccessorImpl.java:45)
	at java.base/java.lang.reflect.Constructor.newInstance(Constructor.java:490)
	at org.openqa.selenium.remote.ErrorHandler.createThrowable(ErrorHandler.java:217)
	at org.openqa.selenium.remote.ErrorHandler.throwIfResponseFailed(ErrorHandler.java:169)
	at org.openqa.selenium.remote.RemoteWebDriver.execute(RemoteWebDriver.java:594)
	at org.openqa.selenium.remote.RemoteWebDriver.execute(RemoteWebDriver.java:614)
	at org.openqa.selenium.remote.RemoteExecuteMethod.execute(RemoteExecuteMethod.java:40)
	at org.openqa.selenium.remote.RemoteLogs.getRemoteEntries(RemoteLogs.java:81)
	at org.openqa.selenium.remote.RemoteLogs.get(RemoteLogs.java:77)
	at hellocucumber.StepDefinitions.checkNoErrorsInConsole(StepDefinitions.java:80)
	at ✽.The console log has no errors(classpath:hellocucumber/no_console_errors.feature:22)
&amp#27;[0m
]]></system-out>
    <system-err><![CDATA[1633974813059	geckodriver	INFO	Listening on 127.0.0.1:41692
1633974814067	mozrunner::runner	INFO	Running command: "/Applications/Firefox.app/Contents/MacOS/firefox-bin" "--marionette" "-headless" "--headless" "--remote-debugging-port" "3596" "-foreground" "-no-remote" "-profile" "/var/folders/56/ypk50hpn4cl79xs55xmj0zmw0000gn/T/rust_mozprofile5VTwaF"
*** You are running in headless mode.
1633974814470	Marionette	INFO	Marionette enabled
[GFX1-]: RenderCompositorSWGL failed mapping default framebuffer, no dt
console.warn: SearchSettings: "get: No settings file exists, new profile?" (new NotFoundError("Could not open the file at /var/folders/56/ypk50hpn4cl79xs55xmj0zmw0000gn/T/rust_mozprofile5VTwaF/search.json.mozlz4", (void 0)))
console.error: BackgroundUpdate: 
  _reasonsToNotScheduleUpdates: Failed to check for Maintenance Service Registry Key: [Exception... "Component returned failure code: 0x80004001 (NS_ERROR_NOT_IMPLEMENTED) [nsIUpdateProcessor.getServiceRegKeyExists]"  nsresult: "0x80004001 (NS_ERROR_NOT_IMPLEMENTED)"  location: "JS frame :: resource://gre/modules/BackgroundUpdate.jsm :: _reasonsToNotScheduleUpdates :: line 243"  data: no]
DevTools listening on ws://localhost:3596/devtools/browser/7a133043-505c-874a-9ea1-713d6e91f29b
1633974815836	Marionette	INFO	Listening on port 58145
1633974815923	RemoteAgent	WARN	TLS certificate errors will be ignored for this session
Oct 11, 2021 7:53:35 PM org.openqa.selenium.remote.ProtocolHandshake createSession
INFO: Detected dialect: W3C
1633974817910	Marionette	INFO	Stopped listening on port 58145
JavaScript error: resource:///modules/Interactions.jsm, line 201: NS_ERROR_FAILURE: Component returned failure code: 0x80004005 (NS_ERROR_FAILURE) [nsIUserIdleService.removeIdleObserver]

###!!! [Parent][RunMessage] Error: Channel closing: too late to send/recv, messages will be lost

]]></system-err>
  </testcase>
  <testcase name="Check W3 multimodal page loading raises no errors in console #2" classname="No console errors?" time="6.083">
    <error message="HTTP method not allowed&#10;Command duration or timeout: 2 milliseconds&#10;Build info: version: &apos;4.0.0-rc-2&apos;, revision: &apos;8d1e4aa5ae&apos;&#10;System info: host: &apos;Micheles-MBP&apos;, ip: &apos;fe80:0:0:0:c87:52f3:b1a6:2160%en0&apos;, os.name: &apos;Mac OS X&apos;, os.arch: &apos;x86_64&apos;, os.version: &apos;10.16&apos;, java.version: &apos;11.0.7&apos;&#10;Driver info: org.openqa.selenium.firefox.FirefoxDriver&#10;Command: [f4be55ce-9b8e-9146-84d4-c11a4935111f, getLog {type=browser}]&#10;Capabilities {acceptInsecureCerts: true, browserName: firefox, browserVersion: 93.0, javascriptEnabled: true, moz:accessibilityChecks: false, moz:buildID: 20210927210923, moz:debuggerAddress: localhost:46657, moz:geckodriverVersion: 0.30.0, moz:headless: true, moz:processID: 7693, moz:profile: /var/folders/56/ypk50hpn4cl..., moz:shutdownTimeout: 60000, moz:useNonSpecCompliantPointerOrigin: false, moz:webdriverClick: true, pageLoadStrategy: normal, platform: MAC, platformName: MAC, platformVersion: 20.6.0, proxy: Proxy(), se:cdp: ws://localhost:46657/devtoo..., se:cdpVersion: 85, setWindowRect: true, strictFileInteractability: false, timeouts: {implicit: 0, pageLoad: 300000, script: 30000}, unhandledPromptBehavior: dismiss and notify}&#10;Session ID: f4be55ce-9b8e-9146-84d4-c11a4935111f" type="org.openqa.selenium.UnsupportedCommandException">org.openqa.selenium.UnsupportedCommandException: 
HTTP method not allowed
Command duration or timeout: 2 milliseconds
Build info: version: '4.0.0-rc-2', revision: '8d1e4aa5ae'
System info: host: 'Micheles-MBP', ip: 'fe80:0:0:0:c87:52f3:b1a6:2160%en0', os.name: 'Mac OS X', os.arch: 'x86_64', os.version: '10.16', java.version: '11.0.7'
Driver info: org.openqa.selenium.firefox.FirefoxDriver
Command: [f4be55ce-9b8e-9146-84d4-c11a4935111f, getLog {type=browser}]
Capabilities {acceptInsecureCerts: true, browserName: firefox, browserVersion: 93.0, javascriptEnabled: true, moz:accessibilityChecks: false, moz:buildID: 20210927210923, moz:debuggerAddress: localhost:46657, moz:geckodriverVersion: 0.30.0, moz:headless: true, moz:processID: 7693, moz:profile: /var/folders/56/ypk50hpn4cl..., moz:shutdownTimeout: 60000, moz:useNonSpecCompliantPointerOrigin: false, moz:webdriverClick: true, pageLoadStrategy: normal, platform: MAC, platformName: MAC, platformVersion: 20.6.0, proxy: Proxy(), se:cdp: ws://localhost:46657/devtoo..., se:cdpVersion: 85, setWindowRect: true, strictFileInteractability: false, timeouts: {implicit: 0, pageLoad: 300000, script: 30000}, unhandledPromptBehavior: dismiss and notify}
Session ID: f4be55ce-9b8e-9146-84d4-c11a4935111f
</error>
    <system-out><![CDATA[
Scenario: Check W3 multimodal page loading raises no errors in console &amp#27;[90m# hellocucumber/no_console_errors.feature:24&amp#27;[0m
  &amp#27;[32mGiven &amp#27;[0m&amp#27;[32mI opened Firefox&amp#27;[0m                                               &amp#27;[90m# hellocucumber.StepDefinitions.use_Firefox()&amp#27;[0m
  &amp#27;[32mWhen &amp#27;[0m&amp#27;[32mI am on the W3 multimodal page&amp#27;[0m                                  &amp#27;[90m# hellocucumber.StepDefinitions.I_visit_multimodal()&amp#27;[0m
  &amp#27;[31mThen &amp#27;[0m&amp#27;[31mThe console log has no errors&amp#27;[0m                                   &amp#27;[90m# hellocucumber.StepDefinitions.checkNoErrorsInConsole()&amp#27;[0m
      &amp#27;[31morg.openqa.selenium.UnsupportedCommandException: HTTP method not allowed
Command duration or timeout: 2 milliseconds
Build info: version: '4.0.0-rc-2', revision: '8d1e4aa5ae'
System info: host: 'Micheles-MBP', ip: 'fe80:0:0:0:c87:52f3:b1a6:2160%en0', os.name: 'Mac OS X', os.arch: 'x86_64', os.version: '10.16', java.version: '11.0.7'
Driver info: org.openqa.selenium.firefox.FirefoxDriver
Command: [f4be55ce-9b8e-9146-84d4-c11a4935111f, getLog {type=browser}]
Capabilities {acceptInsecureCerts: true, browserName: firefox, browserVersion: 93.0, javascriptEnabled: true, moz:accessibilityChecks: false, moz:buildID: 20210927210923, moz:debuggerAddress: localhost:46657, moz:geckodriverVersion: 0.30.0, moz:headless: true, moz:processID: 7693, moz:profile: /var/folders/56/ypk50hpn4cl..., moz:shutdownTimeout: 60000, moz:useNonSpecCompliantPointerOrigin: false, moz:webdriverClick: true, pageLoadStrategy: normal, platform: MAC, platformName: MAC, platformVersion: 20.6.0, proxy: Proxy(), se:cdp: ws://localhost:46657/devtoo..., se:cdpVersion: 85, setWindowRect: true, strictFileInteractability: false, timeouts: {implicit: 0, pageLoad: 300000, script: 30000}, unhandledPromptBehavior: dismiss and notify}
Session ID: f4be55ce-9b8e-9146-84d4-c11a4935111f
	at java.base/jdk.internal.reflect.NativeConstructorAccessorImpl.newInstance0(Native Method)
	at java.base/jdk.internal.reflect.NativeConstructorAccessorImpl.newInstance(NativeConstructorAccessorImpl.java:62)
	at java.base/jdk.internal.reflect.DelegatingConstructorAccessorImpl.newInstance(DelegatingConstructorAccessorImpl.java:45)
	at java.base/java.lang.reflect.Constructor.newInstance(Constructor.java:490)
	at org.openqa.selenium.remote.ErrorHandler.createThrowable(ErrorHandler.java:217)
	at org.openqa.selenium.remote.ErrorHandler.throwIfResponseFailed(ErrorHandler.java:169)
	at org.openqa.selenium.remote.RemoteWebDriver.execute(RemoteWebDriver.java:594)
	at org.openqa.selenium.remote.RemoteWebDriver.execute(RemoteWebDriver.java:614)
	at org.openqa.selenium.remote.RemoteExecuteMethod.execute(RemoteExecuteMethod.java:40)
	at org.openqa.selenium.remote.RemoteLogs.getRemoteEntries(RemoteLogs.java:81)
	at org.openqa.selenium.remote.RemoteLogs.get(RemoteLogs.java:77)
	at hellocucumber.StepDefinitions.checkNoErrorsInConsole(StepDefinitions.java:80)
	at ✽.The console log has no errors(classpath:hellocucumber/no_console_errors.feature:27)
&amp#27;[0m
]]></system-out>
    <system-err><![CDATA[1633974819496	geckodriver	INFO	Listening on 127.0.0.1:44993
1633974820512	mozrunner::runner	INFO	Running command: "/Applications/Firefox.app/Contents/MacOS/firefox-bin" "--marionette" "-headless" "--headless" "--remote-debugging-port" "46657" "-foreground" "-no-remote" "-profile" "/var/folders/56/ypk50hpn4cl79xs55xmj0zmw0000gn/T/rust_mozprofileOtNvcr"
*** You are running in headless mode.
1633974820867	Marionette	INFO	Marionette enabled
[GFX1-]: RenderCompositorSWGL failed mapping default framebuffer, no dt
console.warn: SearchSettings: "get: No settings file exists, new profile?" (new NotFoundError("Could not open the file at /var/folders/56/ypk50hpn4cl79xs55xmj0zmw0000gn/T/rust_mozprofileOtNvcr/search.json.mozlz4", (void 0)))
console.error: BackgroundUpdate: 
  _reasonsToNotScheduleUpdates: Failed to check for Maintenance Service Registry Key: [Exception... "Component returned failure code: 0x80004001 (NS_ERROR_NOT_IMPLEMENTED) [nsIUpdateProcessor.getServiceRegKeyExists]"  nsresult: "0x80004001 (NS_ERROR_NOT_IMPLEMENTED)"  location: "JS frame :: resource://gre/modules/BackgroundUpdate.jsm :: _reasonsToNotScheduleUpdates :: line 243"  data: no]
DevTools listening on ws://localhost:46657/devtools/browser/38d387c6-877b-4b46-b0dd-2f57628365bc
1633974822023	Marionette	INFO	Listening on port 58197
1633974822062	RemoteAgent	WARN	TLS certificate errors will be ignored for this session
Oct 11, 2021 7:53:42 PM org.openqa.selenium.remote.ProtocolHandshake createSession
INFO: Detected dialect: W3C
1633974823991	Marionette	INFO	Stopped listening on port 58197
JavaScript error: resource:///modules/Interactions.jsm, line 201: NS_ERROR_FAILURE: Component returned failure code: 0x80004005 (NS_ERROR_FAILURE) [nsIUserIdleService.removeIdleObserver]

###!!! [Parent][RunMessage] Error: Channel closing: too late to send/recv, messages will be lost

]]></system-err>
  </testcase>
  <testcase name="Check W3 htmlcss page loading raises no errors in console #2" classname="No console errors?" time="6.116">
    <error message="HTTP method not allowed&#10;Command duration or timeout: 1 milliseconds&#10;Build info: version: &apos;4.0.0-rc-2&apos;, revision: &apos;8d1e4aa5ae&apos;&#10;System info: host: &apos;Micheles-MBP&apos;, ip: &apos;fe80:0:0:0:c87:52f3:b1a6:2160%en0&apos;, os.name: &apos;Mac OS X&apos;, os.arch: &apos;x86_64&apos;, os.version: &apos;10.16&apos;, java.version: &apos;11.0.7&apos;&#10;Driver info: org.openqa.selenium.firefox.FirefoxDriver&#10;Command: [5fac7cd4-390e-604b-823e-a26a0158a682, getLog {type=browser}]&#10;Capabilities {acceptInsecureCerts: true, browserName: firefox, browserVersion: 93.0, javascriptEnabled: true, moz:accessibilityChecks: false, moz:buildID: 20210927210923, moz:debuggerAddress: localhost:2395, moz:geckodriverVersion: 0.30.0, moz:headless: true, moz:processID: 7701, moz:profile: /var/folders/56/ypk50hpn4cl..., moz:shutdownTimeout: 60000, moz:useNonSpecCompliantPointerOrigin: false, moz:webdriverClick: true, pageLoadStrategy: normal, platform: MAC, platformName: MAC, platformVersion: 20.6.0, proxy: Proxy(), se:cdp: ws://localhost:2395/devtool..., se:cdpVersion: 85, setWindowRect: true, strictFileInteractability: false, timeouts: {implicit: 0, pageLoad: 300000, script: 30000}, unhandledPromptBehavior: dismiss and notify}&#10;Session ID: 5fac7cd4-390e-604b-823e-a26a0158a682" type="org.openqa.selenium.UnsupportedCommandException">org.openqa.selenium.UnsupportedCommandException: 
HTTP method not allowed
Command duration or timeout: 1 milliseconds
Build info: version: '4.0.0-rc-2', revision: '8d1e4aa5ae'
System info: host: 'Micheles-MBP', ip: 'fe80:0:0:0:c87:52f3:b1a6:2160%en0', os.name: 'Mac OS X', os.arch: 'x86_64', os.version: '10.16', java.version: '11.0.7'
Driver info: org.openqa.selenium.firefox.FirefoxDriver
Command: [5fac7cd4-390e-604b-823e-a26a0158a682, getLog {type=browser}]
Capabilities {acceptInsecureCerts: true, browserName: firefox, browserVersion: 93.0, javascriptEnabled: true, moz:accessibilityChecks: false, moz:buildID: 20210927210923, moz:debuggerAddress: localhost:2395, moz:geckodriverVersion: 0.30.0, moz:headless: true, moz:processID: 7701, moz:profile: /var/folders/56/ypk50hpn4cl..., moz:shutdownTimeout: 60000, moz:useNonSpecCompliantPointerOrigin: false, moz:webdriverClick: true, pageLoadStrategy: normal, platform: MAC, platformName: MAC, platformVersion: 20.6.0, proxy: Proxy(), se:cdp: ws://localhost:2395/devtool..., se:cdpVersion: 85, setWindowRect: true, strictFileInteractability: false, timeouts: {implicit: 0, pageLoad: 300000, script: 30000}, unhandledPromptBehavior: dismiss and notify}
Session ID: 5fac7cd4-390e-604b-823e-a26a0158a682
</error>
    <system-out><![CDATA[
Scenario: Check W3 htmlcss page loading raises no errors in console &amp#27;[90m# hellocucumber/no_console_errors.feature:29&amp#27;[0m
  &amp#27;[32mGiven &amp#27;[0m&amp#27;[32mI opened Firefox&amp#27;[0m                                            &amp#27;[90m# hellocucumber.StepDefinitions.use_Firefox()&amp#27;[0m
  &amp#27;[32mWhen &amp#27;[0m&amp#27;[32mI am on the W3 htmlcss page&amp#27;[0m                                  &amp#27;[90m# hellocucumber.StepDefinitions.I_visit_htmlcss()&amp#27;[0m
  &amp#27;[31mThen &amp#27;[0m&amp#27;[31mThe console log has no errors&amp#27;[0m                                &amp#27;[90m# hellocucumber.StepDefinitions.checkNoErrorsInConsole()&amp#27;[0m
      &amp#27;[31morg.openqa.selenium.UnsupportedCommandException: HTTP method not allowed
Command duration or timeout: 1 milliseconds
Build info: version: '4.0.0-rc-2', revision: '8d1e4aa5ae'
System info: host: 'Micheles-MBP', ip: 'fe80:0:0:0:c87:52f3:b1a6:2160%en0', os.name: 'Mac OS X', os.arch: 'x86_64', os.version: '10.16', java.version: '11.0.7'
Driver info: org.openqa.selenium.firefox.FirefoxDriver
Command: [5fac7cd4-390e-604b-823e-a26a0158a682, getLog {type=browser}]
Capabilities {acceptInsecureCerts: true, browserName: firefox, browserVersion: 93.0, javascriptEnabled: true, moz:accessibilityChecks: false, moz:buildID: 20210927210923, moz:debuggerAddress: localhost:2395, moz:geckodriverVersion: 0.30.0, moz:headless: true, moz:processID: 7701, moz:profile: /var/folders/56/ypk50hpn4cl..., moz:shutdownTimeout: 60000, moz:useNonSpecCompliantPointerOrigin: false, moz:webdriverClick: true, pageLoadStrategy: normal, platform: MAC, platformName: MAC, platformVersion: 20.6.0, proxy: Proxy(), se:cdp: ws://localhost:2395/devtool..., se:cdpVersion: 85, setWindowRect: true, strictFileInteractability: false, timeouts: {implicit: 0, pageLoad: 300000, script: 30000}, unhandledPromptBehavior: dismiss and notify}
Session ID: 5fac7cd4-390e-604b-823e-a26a0158a682
	at java.base/jdk.internal.reflect.NativeConstructorAccessorImpl.newInstance0(Native Method)
	at java.base/jdk.internal.reflect.NativeConstructorAccessorImpl.newInstance(NativeConstructorAccessorImpl.java:62)
	at java.base/jdk.internal.reflect.DelegatingConstructorAccessorImpl.newInstance(DelegatingConstructorAccessorImpl.java:45)
	at java.base/java.lang.reflect.Constructor.newInstance(Constructor.java:490)
	at org.openqa.selenium.remote.ErrorHandler.createThrowable(ErrorHandler.java:217)
	at org.openqa.selenium.remote.ErrorHandler.throwIfResponseFailed(ErrorHandler.java:169)
	at org.openqa.selenium.remote.RemoteWebDriver.execute(RemoteWebDriver.java:594)
	at org.openqa.selenium.remote.RemoteWebDriver.execute(RemoteWebDriver.java:614)
	at org.openqa.selenium.remote.RemoteExecuteMethod.execute(RemoteExecuteMethod.java:40)
	at org.openqa.selenium.remote.RemoteLogs.getRemoteEntries(RemoteLogs.java:81)
	at org.openqa.selenium.remote.RemoteLogs.get(RemoteLogs.java:77)
	at hellocucumber.StepDefinitions.checkNoErrorsInConsole(StepDefinitions.java:80)
	at ✽.The console log has no errors(classpath:hellocucumber/no_console_errors.feature:32)
&amp#27;[0m
]]></system-out>
    <system-err><![CDATA[1633974825586	geckodriver	INFO	Listening on 127.0.0.1:40799
1633974826603	mozrunner::runner	INFO	Running command: "/Applications/Firefox.app/Contents/MacOS/firefox-bin" "--marionette" "-headless" "--headless" "--remote-debugging-port" "2395" "-foreground" "-no-remote" "-profile" "/var/folders/56/ypk50hpn4cl79xs55xmj0zmw0000gn/T/rust_mozprofileNao1rn"
*** You are running in headless mode.
1633974826946	Marionette	INFO	Marionette enabled
[GFX1-]: RenderCompositorSWGL failed mapping default framebuffer, no dt
console.warn: SearchSettings: "get: No settings file exists, new profile?" (new NotFoundError("Could not open the file at /var/folders/56/ypk50hpn4cl79xs55xmj0zmw0000gn/T/rust_mozprofileNao1rn/search.json.mozlz4", (void 0)))
console.error: BackgroundUpdate: 
  _reasonsToNotScheduleUpdates: Failed to check for Maintenance Service Registry Key: [Exception... "Component returned failure code: 0x80004001 (NS_ERROR_NOT_IMPLEMENTED) [nsIUpdateProcessor.getServiceRegKeyExists]"  nsresult: "0x80004001 (NS_ERROR_NOT_IMPLEMENTED)"  location: "JS frame :: resource://gre/modules/BackgroundUpdate.jsm :: _reasonsToNotScheduleUpdates :: line 243"  data: no]
DevTools listening on ws://localhost:2395/devtools/browser/4b781644-feca-564f-af2b-0a8121ad2fd0
1633974828070	Marionette	INFO	Listening on port 58243
1633974828164	RemoteAgent	WARN	TLS certificate errors will be ignored for this session
Oct 11, 2021 7:53:48 PM org.openqa.selenium.remote.ProtocolHandshake createSession
INFO: Detected dialect: W3C
1633974830123	Marionette	INFO	Stopped listening on port 58243
JavaScript error: resource:///modules/Interactions.jsm, line 201: NS_ERROR_FAILURE: Component returned failure code: 0x80004005 (NS_ERROR_FAILURE) [nsIUserIdleService.removeIdleObserver]

###!!! [Parent][RunMessage] Error: Channel closing: too late to send/recv, messages will be lost

]]></system-err>
  </testcase>
  <testcase name="Check W3 bad page loading raises no errors in console #1" classname="Response code?" time="4.889">
    <failure message="Message in console:https://www.w3.org/standards/badpage - Failed to load resource: the server responded with a status of 404 ()" type="java.lang.AssertionError">java.lang.AssertionError: Message in console:https://www.w3.org/standards/badpage - Failed to load resource: the server responded with a status of 404 ()
</failure>
    <system-out><![CDATA[
Scenario: Check W3 bad page loading raises no errors in console &amp#27;[90m# hellocucumber/response_code.feature:4&amp#27;[0m
  &amp#27;[32mGiven &amp#27;[0m&amp#27;[32mI opened Chrome&amp#27;[0m                                         &amp#27;[90m# hellocucumber.StepDefinitions.use_Chrome()&amp#27;[0m
  &amp#27;[32mWhen &amp#27;[0m&amp#27;[32mI am on the W3 bad page&amp#27;[0m                                  &amp#27;[90m# hellocucumber.StepDefinitions.I_visit_bad()&amp#27;[0m
  &amp#27;[31mThen &amp#27;[0m&amp#27;[31mThe console log has no errors&amp#27;[0m                            &amp#27;[90m# hellocucumber.StepDefinitions.checkNoErrorsInConsole()&amp#27;[0m
      &amp#27;[31mjava.lang.AssertionError: Message in console:https://www.w3.org/standards/badpage - Failed to load resource: the server responded with a status of 404 ()
	at org.junit.Assert.fail(Assert.java:89)
	at hellocucumber.StepDefinitions.lambda$0(StepDefinitions.java:83)
	at java.base/java.lang.Iterable.forEach(Iterable.java:75)
	at hellocucumber.StepDefinitions.checkNoErrorsInConsole(StepDefinitions.java:81)
	at ✽.The console log has no errors(classpath:hellocucumber/response_code.feature:7)
&amp#27;[0m
]]></system-out>
    <system-err><![CDATA[Starting ChromeDriver 94.0.4606.61 (418b78f5838ed0b1c69bb4e51ea0252171854915-refs/branch-heads/4606@{#1204}) on port 47666
Only local connections are allowed.
Please see https://chromedriver.chromium.org/security-considerations for suggestions on keeping ChromeDriver safe.
ChromeDriver was started successfully.
Oct 11, 2021 7:53:52 PM org.openqa.selenium.remote.ProtocolHandshake createSession
INFO: Detected dialect: W3C
Oct 11, 2021 7:53:52 PM org.openqa.selenium.devtools.CdpVersionFinder findNearestMatch
INFO: Found exact CDP implementation for version 94
]]></system-err>
  </testcase>
  <testcase name="Check W3 multimodal page loading raises no errors in console #1" classname="Response code?" time="4.812"/>
  <testcase name="Check W3 htmlcss page loading raises no errors in console #1" classname="Response code?" time="4.707"/>
  <testcase name="Check W3 bad page loading raises no errors in console #2" classname="Response code?" time="6.09">
    <error message="HTTP method not allowed&#10;Command duration or timeout: 1 milliseconds&#10;Build info: version: &apos;4.0.0-rc-2&apos;, revision: &apos;8d1e4aa5ae&apos;&#10;System info: host: &apos;Micheles-MBP&apos;, ip: &apos;fe80:0:0:0:c87:52f3:b1a6:2160%en0&apos;, os.name: &apos;Mac OS X&apos;, os.arch: &apos;x86_64&apos;, os.version: &apos;10.16&apos;, java.version: &apos;11.0.7&apos;&#10;Driver info: org.openqa.selenium.firefox.FirefoxDriver&#10;Command: [ffa57435-4e2a-cf4e-9458-37dc348615bc, getLog {type=browser}]&#10;Capabilities {acceptInsecureCerts: true, browserName: firefox, browserVersion: 93.0, javascriptEnabled: true, moz:accessibilityChecks: false, moz:buildID: 20210927210923, moz:debuggerAddress: localhost:11546, moz:geckodriverVersion: 0.30.0, moz:headless: true, moz:processID: 7756, moz:profile: /var/folders/56/ypk50hpn4cl..., moz:shutdownTimeout: 60000, moz:useNonSpecCompliantPointerOrigin: false, moz:webdriverClick: true, pageLoadStrategy: normal, platform: MAC, platformName: MAC, platformVersion: 20.6.0, proxy: Proxy(), se:cdp: ws://localhost:11546/devtoo..., se:cdpVersion: 85, setWindowRect: true, strictFileInteractability: false, timeouts: {implicit: 0, pageLoad: 300000, script: 30000}, unhandledPromptBehavior: dismiss and notify}&#10;Session ID: ffa57435-4e2a-cf4e-9458-37dc348615bc" type="org.openqa.selenium.UnsupportedCommandException">org.openqa.selenium.UnsupportedCommandException: 
HTTP method not allowed
Command duration or timeout: 1 milliseconds
Build info: version: '4.0.0-rc-2', revision: '8d1e4aa5ae'
System info: host: 'Micheles-MBP', ip: 'fe80:0:0:0:c87:52f3:b1a6:2160%en0', os.name: 'Mac OS X', os.arch: 'x86_64', os.version: '10.16', java.version: '11.0.7'
Driver info: org.openqa.selenium.firefox.FirefoxDriver
Command: [ffa57435-4e2a-cf4e-9458-37dc348615bc, getLog {type=browser}]
Capabilities {acceptInsecureCerts: true, browserName: firefox, browserVersion: 93.0, javascriptEnabled: true, moz:accessibilityChecks: false, moz:buildID: 20210927210923, moz:debuggerAddress: localhost:11546, moz:geckodriverVersion: 0.30.0, moz:headless: true, moz:processID: 7756, moz:profile: /var/folders/56/ypk50hpn4cl..., moz:shutdownTimeout: 60000, moz:useNonSpecCompliantPointerOrigin: false, moz:webdriverClick: true, pageLoadStrategy: normal, platform: MAC, platformName: MAC, platformVersion: 20.6.0, proxy: Proxy(), se:cdp: ws://localhost:11546/devtoo..., se:cdpVersion: 85, setWindowRect: true, strictFileInteractability: false, timeouts: {implicit: 0, pageLoad: 300000, script: 30000}, unhandledPromptBehavior: dismiss and notify}
Session ID: ffa57435-4e2a-cf4e-9458-37dc348615bc
</error>
    <system-out><![CDATA[
Scenario: Check W3 bad page loading raises no errors in console &amp#27;[90m# hellocucumber/response_code.feature:19&amp#27;[0m
  &amp#27;[32mGiven &amp#27;[0m&amp#27;[32mI opened Firefox&amp#27;[0m                                        &amp#27;[90m# hellocucumber.StepDefinitions.use_Firefox()&amp#27;[0m
  &amp#27;[32mWhen &amp#27;[0m&amp#27;[32mI am on the W3 bad page&amp#27;[0m                                  &amp#27;[90m# hellocucumber.StepDefinitions.I_visit_bad()&amp#27;[0m
  &amp#27;[31mThen &amp#27;[0m&amp#27;[31mThe console log has no errors&amp#27;[0m                            &amp#27;[90m# hellocucumber.StepDefinitions.checkNoErrorsInConsole()&amp#27;[0m
      &amp#27;[31morg.openqa.selenium.UnsupportedCommandException: HTTP method not allowed
Command duration or timeout: 1 milliseconds
Build info: version: '4.0.0-rc-2', revision: '8d1e4aa5ae'
System info: host: 'Micheles-MBP', ip: 'fe80:0:0:0:c87:52f3:b1a6:2160%en0', os.name: 'Mac OS X', os.arch: 'x86_64', os.version: '10.16', java.version: '11.0.7'
Driver info: org.openqa.selenium.firefox.FirefoxDriver
Command: [ffa57435-4e2a-cf4e-9458-37dc348615bc, getLog {type=browser}]
Capabilities {acceptInsecureCerts: true, browserName: firefox, browserVersion: 93.0, javascriptEnabled: true, moz:accessibilityChecks: false, moz:buildID: 20210927210923, moz:debuggerAddress: localhost:11546, moz:geckodriverVersion: 0.30.0, moz:headless: true, moz:processID: 7756, moz:profile: /var/folders/56/ypk50hpn4cl..., moz:shutdownTimeout: 60000, moz:useNonSpecCompliantPointerOrigin: false, moz:webdriverClick: true, pageLoadStrategy: normal, platform: MAC, platformName: MAC, platformVersion: 20.6.0, proxy: Proxy(), se:cdp: ws://localhost:11546/devtoo..., se:cdpVersion: 85, setWindowRect: true, strictFileInteractability: false, timeouts: {implicit: 0, pageLoad: 300000, script: 30000}, unhandledPromptBehavior: dismiss and notify}
Session ID: ffa57435-4e2a-cf4e-9458-37dc348615bc
	at java.base/jdk.internal.reflect.NativeConstructorAccessorImpl.newInstance0(Native Method)
	at java.base/jdk.internal.reflect.NativeConstructorAccessorImpl.newInstance(NativeConstructorAccessorImpl.java:62)
	at java.base/jdk.internal.reflect.DelegatingConstructorAccessorImpl.newInstance(DelegatingConstructorAccessorImpl.java:45)
	at java.base/java.lang.reflect.Constructor.newInstance(Constructor.java:490)
	at org.openqa.selenium.remote.ErrorHandler.createThrowable(ErrorHandler.java:217)
	at org.openqa.selenium.remote.ErrorHandler.throwIfResponseFailed(ErrorHandler.java:169)
	at org.openqa.selenium.remote.RemoteWebDriver.execute(RemoteWebDriver.java:594)
	at org.openqa.selenium.remote.RemoteWebDriver.execute(RemoteWebDriver.java:614)
	at org.openqa.selenium.remote.RemoteExecuteMethod.execute(RemoteExecuteMethod.java:40)
	at org.openqa.selenium.remote.RemoteLogs.getRemoteEntries(RemoteLogs.java:81)
	at org.openqa.selenium.remote.RemoteLogs.get(RemoteLogs.java:77)
	at hellocucumber.StepDefinitions.checkNoErrorsInConsole(StepDefinitions.java:80)
	at ✽.The console log has no errors(classpath:hellocucumber/response_code.feature:22)
&amp#27;[0m
]]></system-out>
    <system-err><![CDATA[1633974846104	geckodriver	INFO	Listening on 127.0.0.1:11400
1633974847116	mozrunner::runner	INFO	Running command: "/Applications/Firefox.app/Contents/MacOS/firefox-bin" "--marionette" "-headless" "--headless" "--remote-debugging-port" "11546" "-foreground" "-no-remote" "-profile" "/var/folders/56/ypk50hpn4cl79xs55xmj0zmw0000gn/T/rust_mozprofilePVKO5V"
*** You are running in headless mode.
1633974847478	Marionette	INFO	Marionette enabled
[GFX1-]: RenderCompositorSWGL failed mapping default framebuffer, no dt
console.warn: SearchSettings: "get: No settings file exists, new profile?" (new NotFoundError("Could not open the file at /var/folders/56/ypk50hpn4cl79xs55xmj0zmw0000gn/T/rust_mozprofilePVKO5V/search.json.mozlz4", (void 0)))
console.error: BackgroundUpdate: 
  _reasonsToNotScheduleUpdates: Failed to check for Maintenance Service Registry Key: [Exception... "Component returned failure code: 0x80004001 (NS_ERROR_NOT_IMPLEMENTED) [nsIUpdateProcessor.getServiceRegKeyExists]"  nsresult: "0x80004001 (NS_ERROR_NOT_IMPLEMENTED)"  location: "JS frame :: resource://gre/modules/BackgroundUpdate.jsm :: _reasonsToNotScheduleUpdates :: line 243"  data: no]
DevTools listening on ws://localhost:11546/devtools/browser/62a4a138-a5ee-3040-bfab-15a2ff647541
1633974848567	Marionette	INFO	Listening on port 58326
1633974848669	RemoteAgent	WARN	TLS certificate errors will be ignored for this session
Oct 11, 2021 7:54:08 PM org.openqa.selenium.remote.ProtocolHandshake createSession
INFO: Detected dialect: W3C
1633974850624	Marionette	INFO	Stopped listening on port 58326
JavaScript error: resource:///modules/Interactions.jsm, line 201: NS_ERROR_FAILURE: Component returned failure code: 0x80004005 (NS_ERROR_FAILURE) [nsIUserIdleService.removeIdleObserver]

###!!! [Parent][RunMessage] Error: Channel closing: too late to send/recv, messages will be lost

]]></system-err>
  </testcase>
  <testcase name="Check W3 multimodal page loading raises no errors in console #2" classname="Response code?" time="6.292">
    <error message="HTTP method not allowed&#10;Command duration or timeout: 2 milliseconds&#10;Build info: version: &apos;4.0.0-rc-2&apos;, revision: &apos;8d1e4aa5ae&apos;&#10;System info: host: &apos;Micheles-MBP&apos;, ip: &apos;fe80:0:0:0:c87:52f3:b1a6:2160%en0&apos;, os.name: &apos;Mac OS X&apos;, os.arch: &apos;x86_64&apos;, os.version: &apos;10.16&apos;, java.version: &apos;11.0.7&apos;&#10;Driver info: org.openqa.selenium.firefox.FirefoxDriver&#10;Command: [3c165075-5164-1a4b-b3a5-49054951d70e, getLog {type=browser}]&#10;Capabilities {acceptInsecureCerts: true, browserName: firefox, browserVersion: 93.0, javascriptEnabled: true, moz:accessibilityChecks: false, moz:buildID: 20210927210923, moz:debuggerAddress: localhost:1315, moz:geckodriverVersion: 0.30.0, moz:headless: true, moz:processID: 7764, moz:profile: /var/folders/56/ypk50hpn4cl..., moz:shutdownTimeout: 60000, moz:useNonSpecCompliantPointerOrigin: false, moz:webdriverClick: true, pageLoadStrategy: normal, platform: MAC, platformName: MAC, platformVersion: 20.6.0, proxy: Proxy(), se:cdp: ws://localhost:1315/devtool..., se:cdpVersion: 85, setWindowRect: true, strictFileInteractability: false, timeouts: {implicit: 0, pageLoad: 300000, script: 30000}, unhandledPromptBehavior: dismiss and notify}&#10;Session ID: 3c165075-5164-1a4b-b3a5-49054951d70e" type="org.openqa.selenium.UnsupportedCommandException">org.openqa.selenium.UnsupportedCommandException: 
HTTP method not allowed
Command duration or timeout: 2 milliseconds
Build info: version: '4.0.0-rc-2', revision: '8d1e4aa5ae'
System info: host: 'Micheles-MBP', ip: 'fe80:0:0:0:c87:52f3:b1a6:2160%en0', os.name: 'Mac OS X', os.arch: 'x86_64', os.version: '10.16', java.version: '11.0.7'
Driver info: org.openqa.selenium.firefox.FirefoxDriver
Command: [3c165075-5164-1a4b-b3a5-49054951d70e, getLog {type=browser}]
Capabilities {acceptInsecureCerts: true, browserName: firefox, browserVersion: 93.0, javascriptEnabled: true, moz:accessibilityChecks: false, moz:buildID: 20210927210923, moz:debuggerAddress: localhost:1315, moz:geckodriverVersion: 0.30.0, moz:headless: true, moz:processID: 7764, moz:profile: /var/folders/56/ypk50hpn4cl..., moz:shutdownTimeout: 60000, moz:useNonSpecCompliantPointerOrigin: false, moz:webdriverClick: true, pageLoadStrategy: normal, platform: MAC, platformName: MAC, platformVersion: 20.6.0, proxy: Proxy(), se:cdp: ws://localhost:1315/devtool..., se:cdpVersion: 85, setWindowRect: true, strictFileInteractability: false, timeouts: {implicit: 0, pageLoad: 300000, script: 30000}, unhandledPromptBehavior: dismiss and notify}
Session ID: 3c165075-5164-1a4b-b3a5-49054951d70e
</error>
    <system-out><![CDATA[
Scenario: Check W3 multimodal page loading raises no errors in console &amp#27;[90m# hellocucumber/response_code.feature:24&amp#27;[0m
  &amp#27;[32mGiven &amp#27;[0m&amp#27;[32mI opened Firefox&amp#27;[0m                                               &amp#27;[90m# hellocucumber.StepDefinitions.use_Firefox()&amp#27;[0m
  &amp#27;[32mWhen &amp#27;[0m&amp#27;[32mI am on the W3 multimodal page&amp#27;[0m                                  &amp#27;[90m# hellocucumber.StepDefinitions.I_visit_multimodal()&amp#27;[0m
  &amp#27;[31mThen &amp#27;[0m&amp#27;[31mThe console log has no errors&amp#27;[0m                                   &amp#27;[90m# hellocucumber.StepDefinitions.checkNoErrorsInConsole()&amp#27;[0m
      &amp#27;[31morg.openqa.selenium.UnsupportedCommandException: HTTP method not allowed
Command duration or timeout: 2 milliseconds
Build info: version: '4.0.0-rc-2', revision: '8d1e4aa5ae'
System info: host: 'Micheles-MBP', ip: 'fe80:0:0:0:c87:52f3:b1a6:2160%en0', os.name: 'Mac OS X', os.arch: 'x86_64', os.version: '10.16', java.version: '11.0.7'
Driver info: org.openqa.selenium.firefox.FirefoxDriver
Command: [3c165075-5164-1a4b-b3a5-49054951d70e, getLog {type=browser}]
Capabilities {acceptInsecureCerts: true, browserName: firefox, browserVersion: 93.0, javascriptEnabled: true, moz:accessibilityChecks: false, moz:buildID: 20210927210923, moz:debuggerAddress: localhost:1315, moz:geckodriverVersion: 0.30.0, moz:headless: true, moz:processID: 7764, moz:profile: /var/folders/56/ypk50hpn4cl..., moz:shutdownTimeout: 60000, moz:useNonSpecCompliantPointerOrigin: false, moz:webdriverClick: true, pageLoadStrategy: normal, platform: MAC, platformName: MAC, platformVersion: 20.6.0, proxy: Proxy(), se:cdp: ws://localhost:1315/devtool..., se:cdpVersion: 85, setWindowRect: true, strictFileInteractability: false, timeouts: {implicit: 0, pageLoad: 300000, script: 30000}, unhandledPromptBehavior: dismiss and notify}
Session ID: 3c165075-5164-1a4b-b3a5-49054951d70e
	at java.base/jdk.internal.reflect.NativeConstructorAccessorImpl.newInstance0(Native Method)
	at java.base/jdk.internal.reflect.NativeConstructorAccessorImpl.newInstance(NativeConstructorAccessorImpl.java:62)
	at java.base/jdk.internal.reflect.DelegatingConstructorAccessorImpl.newInstance(DelegatingConstructorAccessorImpl.java:45)
	at java.base/java.lang.reflect.Constructor.newInstance(Constructor.java:490)
	at org.openqa.selenium.remote.ErrorHandler.createThrowable(ErrorHandler.java:217)
	at org.openqa.selenium.remote.ErrorHandler.throwIfResponseFailed(ErrorHandler.java:169)
	at org.openqa.selenium.remote.RemoteWebDriver.execute(RemoteWebDriver.java:594)
	at org.openqa.selenium.remote.RemoteWebDriver.execute(RemoteWebDriver.java:614)
	at org.openqa.selenium.remote.RemoteExecuteMethod.execute(RemoteExecuteMethod.java:40)
	at org.openqa.selenium.remote.RemoteLogs.getRemoteEntries(RemoteLogs.java:81)
	at org.openqa.selenium.remote.RemoteLogs.get(RemoteLogs.java:77)
	at hellocucumber.StepDefinitions.checkNoErrorsInConsole(StepDefinitions.java:80)
	at ✽.The console log has no errors(classpath:hellocucumber/response_code.feature:27)
&amp#27;[0m
]]></system-out>
    <system-err><![CDATA[1633974852202	geckodriver	INFO	Listening on 127.0.0.1:34594
1633974853209	mozrunner::runner	INFO	Running command: "/Applications/Firefox.app/Contents/MacOS/firefox-bin" "--marionette" "-headless" "--headless" "--remote-debugging-port" "1315" "-foreground" "-no-remote" "-profile" "/var/folders/56/ypk50hpn4cl79xs55xmj0zmw0000gn/T/rust_mozprofilekQeCs3"
*** You are running in headless mode.
1633974853579	Marionette	INFO	Marionette enabled
[GFX1-]: RenderCompositorSWGL failed mapping default framebuffer, no dt
console.warn: SearchSettings: "get: No settings file exists, new profile?" (new NotFoundError("Could not open the file at /var/folders/56/ypk50hpn4cl79xs55xmj0zmw0000gn/T/rust_mozprofilekQeCs3/search.json.mozlz4", (void 0)))
console.error: BackgroundUpdate: 
  _reasonsToNotScheduleUpdates: Failed to check for Maintenance Service Registry Key: [Exception... "Component returned failure code: 0x80004001 (NS_ERROR_NOT_IMPLEMENTED) [nsIUpdateProcessor.getServiceRegKeyExists]"  nsresult: "0x80004001 (NS_ERROR_NOT_IMPLEMENTED)"  location: "JS frame :: resource://gre/modules/BackgroundUpdate.jsm :: _reasonsToNotScheduleUpdates :: line 243"  data: no]
DevTools listening on ws://localhost:1315/devtools/browser/fc0ebbac-9f77-c14b-9c50-be04d2451650
1633974854764	Marionette	INFO	Listening on port 58374
1633974854864	RemoteAgent	WARN	TLS certificate errors will be ignored for this session
Oct 11, 2021 7:54:14 PM org.openqa.selenium.remote.ProtocolHandshake createSession
INFO: Detected dialect: W3C
1633974856907	Marionette	INFO	Stopped listening on port 58374
JavaScript error: resource:///modules/Interactions.jsm, line 201: NS_ERROR_FAILURE: Component returned failure code: 0x80004005 (NS_ERROR_FAILURE) [nsIUserIdleService.removeIdleObserver]

###!!! [Parent][RunMessage] Error: Channel closing: too late to send/recv, messages will be lost

]]></system-err>
  </testcase>
  <testcase name="Check W3 htmlcss page loading raises no errors in console #2" classname="Response code?" time="5.179">
    <error message="HTTP method not allowed&#10;Command duration or timeout: 1 milliseconds&#10;Build info: version: &apos;4.0.0-rc-2&apos;, revision: &apos;8d1e4aa5ae&apos;&#10;System info: host: &apos;Micheles-MBP&apos;, ip: &apos;fe80:0:0:0:c87:52f3:b1a6:2160%en0&apos;, os.name: &apos;Mac OS X&apos;, os.arch: &apos;x86_64&apos;, os.version: &apos;10.16&apos;, java.version: &apos;11.0.7&apos;&#10;Driver info: org.openqa.selenium.firefox.FirefoxDriver&#10;Command: [487fa17e-43da-8740-b8e6-84cad9e456fb, getLog {type=browser}]&#10;Capabilities {acceptInsecureCerts: true, browserName: firefox, browserVersion: 93.0, javascriptEnabled: true, moz:accessibilityChecks: false, moz:buildID: 20210927210923, moz:debuggerAddress: localhost:16645, moz:geckodriverVersion: 0.30.0, moz:headless: true, moz:processID: 7772, moz:profile: /var/folders/56/ypk50hpn4cl..., moz:shutdownTimeout: 60000, moz:useNonSpecCompliantPointerOrigin: false, moz:webdriverClick: true, pageLoadStrategy: normal, platform: MAC, platformName: MAC, platformVersion: 20.6.0, proxy: Proxy(), se:cdp: ws://localhost:16645/devtoo..., se:cdpVersion: 85, setWindowRect: true, strictFileInteractability: false, timeouts: {implicit: 0, pageLoad: 300000, script: 30000}, unhandledPromptBehavior: dismiss and notify}&#10;Session ID: 487fa17e-43da-8740-b8e6-84cad9e456fb" type="org.openqa.selenium.UnsupportedCommandException">org.openqa.selenium.UnsupportedCommandException: 
HTTP method not allowed
Command duration or timeout: 1 milliseconds
Build info: version: '4.0.0-rc-2', revision: '8d1e4aa5ae'
System info: host: 'Micheles-MBP', ip: 'fe80:0:0:0:c87:52f3:b1a6:2160%en0', os.name: 'Mac OS X', os.arch: 'x86_64', os.version: '10.16', java.version: '11.0.7'
Driver info: org.openqa.selenium.firefox.FirefoxDriver
Command: [487fa17e-43da-8740-b8e6-84cad9e456fb, getLog {type=browser}]
Capabilities {acceptInsecureCerts: true, browserName: firefox, browserVersion: 93.0, javascriptEnabled: true, moz:accessibilityChecks: false, moz:buildID: 20210927210923, moz:debuggerAddress: localhost:16645, moz:geckodriverVersion: 0.30.0, moz:headless: true, moz:processID: 7772, moz:profile: /var/folders/56/ypk50hpn4cl..., moz:shutdownTimeout: 60000, moz:useNonSpecCompliantPointerOrigin: false, moz:webdriverClick: true, pageLoadStrategy: normal, platform: MAC, platformName: MAC, platformVersion: 20.6.0, proxy: Proxy(), se:cdp: ws://localhost:16645/devtoo..., se:cdpVersion: 85, setWindowRect: true, strictFileInteractability: false, timeouts: {implicit: 0, pageLoad: 300000, script: 30000}, unhandledPromptBehavior: dismiss and notify}
Session ID: 487fa17e-43da-8740-b8e6-84cad9e456fb
</error>
    <system-out><![CDATA[
Scenario: Check W3 htmlcss page loading raises no errors in console &amp#27;[90m# hellocucumber/response_code.feature:29&amp#27;[0m
  &amp#27;[32mGiven &amp#27;[0m&amp#27;[32mI opened Firefox&amp#27;[0m                                            &amp#27;[90m# hellocucumber.StepDefinitions.use_Firefox()&amp#27;[0m
  &amp#27;[32mWhen &amp#27;[0m&amp#27;[32mI am on the W3 htmlcss page&amp#27;[0m                                  &amp#27;[90m# hellocucumber.StepDefinitions.I_visit_htmlcss()&amp#27;[0m
  &amp#27;[31mThen &amp#27;[0m&amp#27;[31mThe console log has no errors&amp#27;[0m                                &amp#27;[90m# hellocucumber.StepDefinitions.checkNoErrorsInConsole()&amp#27;[0m
      &amp#27;[31morg.openqa.selenium.UnsupportedCommandException: HTTP method not allowed
Command duration or timeout: 1 milliseconds
Build info: version: '4.0.0-rc-2', revision: '8d1e4aa5ae'
System info: host: 'Micheles-MBP', ip: 'fe80:0:0:0:c87:52f3:b1a6:2160%en0', os.name: 'Mac OS X', os.arch: 'x86_64', os.version: '10.16', java.version: '11.0.7'
Driver info: org.openqa.selenium.firefox.FirefoxDriver
Command: [487fa17e-43da-8740-b8e6-84cad9e456fb, getLog {type=browser}]
Capabilities {acceptInsecureCerts: true, browserName: firefox, browserVersion: 93.0, javascriptEnabled: true, moz:accessibilityChecks: false, moz:buildID: 20210927210923, moz:debuggerAddress: localhost:16645, moz:geckodriverVersion: 0.30.0, moz:headless: true, moz:processID: 7772, moz:profile: /var/folders/56/ypk50hpn4cl..., moz:shutdownTimeout: 60000, moz:useNonSpecCompliantPointerOrigin: false, moz:webdriverClick: true, pageLoadStrategy: normal, platform: MAC, platformName: MAC, platformVersion: 20.6.0, proxy: Proxy(), se:cdp: ws://localhost:16645/devtoo..., se:cdpVersion: 85, setWindowRect: true, strictFileInteractability: false, timeouts: {implicit: 0, pageLoad: 300000, script: 30000}, unhandledPromptBehavior: dismiss and notify}
Session ID: 487fa17e-43da-8740-b8e6-84cad9e456fb
	at java.base/jdk.internal.reflect.NativeConstructorAccessorImpl.newInstance0(Native Method)
	at java.base/jdk.internal.reflect.NativeConstructorAccessorImpl.newInstance(NativeConstructorAccessorImpl.java:62)
	at java.base/jdk.internal.reflect.DelegatingConstructorAccessorImpl.newInstance(DelegatingConstructorAccessorImpl.java:45)
	at java.base/java.lang.reflect.Constructor.newInstance(Constructor.java:490)
	at org.openqa.selenium.remote.ErrorHandler.createThrowable(ErrorHandler.java:217)
	at org.openqa.selenium.remote.ErrorHandler.throwIfResponseFailed(ErrorHandler.java:169)
	at org.openqa.selenium.remote.RemoteWebDriver.execute(RemoteWebDriver.java:594)
	at org.openqa.selenium.remote.RemoteWebDriver.execute(RemoteWebDriver.java:614)
	at org.openqa.selenium.remote.RemoteExecuteMethod.execute(RemoteExecuteMethod.java:40)
	at org.openqa.selenium.remote.RemoteLogs.getRemoteEntries(RemoteLogs.java:81)
	at org.openqa.selenium.remote.RemoteLogs.get(RemoteLogs.java:77)
	at hellocucumber.StepDefinitions.checkNoErrorsInConsole(StepDefinitions.java:80)
	at ✽.The console log has no errors(classpath:hellocucumber/response_code.feature:32)
&amp#27;[0m
]]></system-out>
    <system-err><![CDATA[1633974857482	geckodriver	INFO	Listening on 127.0.0.1:36851
1633974858496	mozrunner::runner	INFO	Running command: "/Applications/Firefox.app/Contents/MacOS/firefox-bin" "--marionette" "-headless" "--headless" "--remote-debugging-port" "16645" "-foreground" "-no-remote" "-profile" "/var/folders/56/ypk50hpn4cl79xs55xmj0zmw0000gn/T/rust_mozprofiletHW4JX"
*** You are running in headless mode.
1633974858849	Marionette	INFO	Marionette enabled
[GFX1-]: RenderCompositorSWGL failed mapping default framebuffer, no dt
console.warn: SearchSettings: "get: No settings file exists, new profile?" (new NotFoundError("Could not open the file at /var/folders/56/ypk50hpn4cl79xs55xmj0zmw0000gn/T/rust_mozprofiletHW4JX/search.json.mozlz4", (void 0)))
console.error: BackgroundUpdate: 
  _reasonsToNotScheduleUpdates: Failed to check for Maintenance Service Registry Key: [Exception... "Component returned failure code: 0x80004001 (NS_ERROR_NOT_IMPLEMENTED) [nsIUpdateProcessor.getServiceRegKeyExists]"  nsresult: "0x80004001 (NS_ERROR_NOT_IMPLEMENTED)"  location: "JS frame :: resource://gre/modules/BackgroundUpdate.jsm :: _reasonsToNotScheduleUpdates :: line 243"  data: no]
DevTools listening on ws://localhost:16645/devtools/browser/d7cc9f5a-1333-944c-b6fd-06491d2698ae
1633974860020	Marionette	INFO	Listening on port 58423
1633974860131	RemoteAgent	WARN	TLS certificate errors will be ignored for this session
Oct 11, 2021 7:54:20 PM org.openqa.selenium.remote.ProtocolHandshake createSession
INFO: Detected dialect: W3C
1633974862105	Marionette	INFO	Stopped listening on port 58423
JavaScript error: resource:///modules/Interactions.jsm, line 201: NS_ERROR_FAILURE: Component returned failure code: 0x80004005 (NS_ERROR_FAILURE) [nsIUserIdleService.removeIdleObserver]

###!!! [Parent][RunMessage] Error: Channel closing: too late to send/recv, messages will be lost

]]></system-err>
  </testcase>
</testsuite>